{"C:\\Users\\unaay\\OneDrive\\Desktop\\Desarrollo de aplicaciones\\proyecto GestionFotos\\foto-api\\servidor\\src\\server.js": {"path":"C:\\Users\\unaay\\OneDrive\\Desktop\\Desarrollo de aplicaciones\\proyecto GestionFotos\\foto-api\\servidor\\src\\server.js","statementMap":{"0":{"start":{"line":1,"column":0},"end":{"line":1,"column":82}},"1":{"start":{"line":2,"column":16},"end":{"line":2,"column":34}},"2":{"start":{"line":3,"column":17},"end":{"line":3,"column":36}},"3":{"start":{"line":4,"column":13},"end":{"line":4,"column":28}},"4":{"start":{"line":5,"column":12},"end":{"line":5,"column":21}},"5":{"start":{"line":7,"column":0},"end":{"line":7,"column":24}},"6":{"start":{"line":8,"column":0},"end":{"line":8,"column":16}},"7":{"start":{"line":11,"column":0},"end":{"line":11,"column":47}},"8":{"start":{"line":13,"column":0},"end":{"line":16,"column":60}},"9":{"start":{"line":15,"column":14},"end":{"line":15,"column":46}},"10":{"start":{"line":16,"column":18},"end":{"line":16,"column":58}},"11":{"start":{"line":18,"column":20},"end":{"line":18,"column":51}},"12":{"start":{"line":19,"column":0},"end":{"line":19,"column":36}},"13":{"start":{"line":21,"column":0},"end":{"line":21,"column":21}},"14":{"start":{"line":23,"column":0},"end":{"line":26,"column":1}},"15":{"start":{"line":24,"column":15},"end":{"line":24,"column":39}},"16":{"start":{"line":25,"column":2},"end":{"line":25,"column":78}},"17":{"start":{"line":25,"column":25},"end":{"line":25,"column":76}}},"fnMap":{"0":{"name":"(anonymous_0)","decl":{"start":{"line":15,"column":8},"end":{"line":15,"column":9}},"loc":{"start":{"line":15,"column":14},"end":{"line":15,"column":46}},"line":15},"1":{"name":"(anonymous_1)","decl":{"start":{"line":16,"column":9},"end":{"line":16,"column":10}},"loc":{"start":{"line":16,"column":18},"end":{"line":16,"column":58}},"line":16},"2":{"name":"(anonymous_2)","decl":{"start":{"line":25,"column":19},"end":{"line":25,"column":20}},"loc":{"start":{"line":25,"column":25},"end":{"line":25,"column":76}},"line":25}},"branchMap":{"0":{"loc":{"start":{"line":23,"column":0},"end":{"line":26,"column":1}},"type":"if","locations":[{"start":{"line":23,"column":0},"end":{"line":26,"column":1}},{"start":{},"end":{}}],"line":23},"1":{"loc":{"start":{"line":24,"column":15},"end":{"line":24,"column":39}},"type":"binary-expr","locations":[{"start":{"line":24,"column":15},"end":{"line":24,"column":31}},{"start":{"line":24,"column":35},"end":{"line":24,"column":39}}],"line":24}},"s":{"0":1,"1":1,"2":1,"3":1,"4":1,"5":1,"6":1,"7":1,"8":1,"9":1,"10":0,"11":1,"12":1,"13":1,"14":1,"15":0,"16":0,"17":0},"f":{"0":1,"1":0,"2":0},"b":{"0":[0,1],"1":[0,0]},"_coverageSchema":"1a1c01bbd47fc00a2c39e90264f33305004495a9","hash":"f52ca455dc6cd58a907fae5418ad7a3c95183d33"}
,"C:\\Users\\unaay\\OneDrive\\Desktop\\Desarrollo de aplicaciones\\proyecto GestionFotos\\foto-api\\servidor\\src\\config\\multer.js": {"path":"C:\\Users\\unaay\\OneDrive\\Desktop\\Desarrollo de aplicaciones\\proyecto GestionFotos\\foto-api\\servidor\\src\\config\\multer.js","statementMap":{"0":{"start":{"line":1,"column":15},"end":{"line":1,"column":32}},"1":{"start":{"line":3,"column":16},"end":{"line":8,"column":2}},"2":{"start":{"line":6,"column":4},"end":{"line":6,"column":51}},"3":{"start":{"line":10,"column":17},"end":{"line":10,"column":36}},"4":{"start":{"line":12,"column":2},"end":{"line":12,"column":26}}},"fnMap":{"0":{"name":"(anonymous_0)","decl":{"start":{"line":5,"column":12},"end":{"line":5,"column":13}},"loc":{"start":{"line":5,"column":31},"end":{"line":7,"column":3}},"line":5}},"branchMap":{},"s":{"0":1,"1":1,"2":1,"3":1,"4":1},"f":{"0":1},"b":{},"_coverageSchema":"1a1c01bbd47fc00a2c39e90264f33305004495a9","hash":"b5c844d137d41074b9340373c11f5d90e0fa2db0"}
,"C:\\Users\\unaay\\OneDrive\\Desktop\\Desarrollo de aplicaciones\\proyecto GestionFotos\\foto-api\\servidor\\src\\controllers\\photoController.js": {"path":"C:\\Users\\unaay\\OneDrive\\Desktop\\Desarrollo de aplicaciones\\proyecto GestionFotos\\foto-api\\servidor\\src\\controllers\\photoController.js","statementMap":{"0":{"start":{"line":1,"column":14},"end":{"line":1,"column":40}},"1":{"start":{"line":3,"column":0},"end":{"line":15,"column":2}},"2":{"start":{"line":4,"column":0},"end":{"line":14,"column":1}},"3":{"start":{"line":5,"column":19},"end":{"line":5,"column":27}},"4":{"start":{"line":6,"column":17},"end":{"line":6,"column":30}},"5":{"start":{"line":8,"column":17},"end":{"line":8,"column":48}},"6":{"start":{"line":9,"column":0},"end":{"line":9,"column":22}},"7":{"start":{"line":10,"column":0},"end":{"line":11,"column":3}},"8":{"start":{"line":13,"column":0},"end":{"line":13,"column":58}},"9":{"start":{"line":17,"column":0},"end":{"line":25,"column":2}},"10":{"start":{"line":18,"column":0},"end":{"line":24,"column":1}},"11":{"start":{"line":19,"column":19},"end":{"line":19,"column":29}},"12":{"start":{"line":20,"column":15},"end":{"line":20,"column":43}},"13":{"start":{"line":21,"column":0},"end":{"line":21,"column":29}},"14":{"start":{"line":23,"column":0},"end":{"line":23,"column":62}},"15":{"start":{"line":27,"column":0},"end":{"line":35,"column":2}},"16":{"start":{"line":28,"column":0},"end":{"line":34,"column":1}},"17":{"start":{"line":29,"column":15},"end":{"line":29,"column":25}},"18":{"start":{"line":30,"column":0},"end":{"line":30,"column":34}},"19":{"start":{"line":31,"column":0},"end":{"line":31,"column":62}},"20":{"start":{"line":33,"column":0},"end":{"line":33,"column":61}}},"fnMap":{"0":{"name":"(anonymous_0)","decl":{"start":{"line":3,"column":22},"end":{"line":3,"column":23}},"loc":{"start":{"line":3,"column":42},"end":{"line":15,"column":1}},"line":3},"1":{"name":"(anonymous_1)","decl":{"start":{"line":17,"column":24},"end":{"line":17,"column":25}},"loc":{"start":{"line":17,"column":44},"end":{"line":25,"column":1}},"line":17},"2":{"name":"(anonymous_2)","decl":{"start":{"line":27,"column":22},"end":{"line":27,"column":23}},"loc":{"start":{"line":27,"column":42},"end":{"line":35,"column":1}},"line":27}},"branchMap":{},"s":{"0":1,"1":1,"2":1,"3":1,"4":1,"5":1,"6":1,"7":1,"8":0,"9":1,"10":2,"11":2,"12":2,"13":2,"14":0,"15":1,"16":1,"17":1,"18":1,"19":1,"20":0},"f":{"0":1,"1":2,"2":1},"b":{},"_coverageSchema":"1a1c01bbd47fc00a2c39e90264f33305004495a9","hash":"bed1367eb351a707df22c62c283767e3919c1306"}
,"C:\\Users\\unaay\\OneDrive\\Desktop\\Desarrollo de aplicaciones\\proyecto GestionFotos\\foto-api\\servidor\\src\\models\\Photo.js": {"path":"C:\\Users\\unaay\\OneDrive\\Desktop\\Desarrollo de aplicaciones\\proyecto GestionFotos\\foto-api\\servidor\\src\\models\\Photo.js","statementMap":{"0":{"start":{"line":1,"column":17},"end":{"line":1,"column":36}},"1":{"start":{"line":2,"column":20},"end":{"line":6,"column":2}},"2":{"start":{"line":7,"column":0},"end":{"line":7,"column":54}}},"fnMap":{},"branchMap":{},"s":{"0":1,"1":1,"2":1},"f":{},"b":{},"_coverageSchema":"1a1c01bbd47fc00a2c39e90264f33305004495a9","hash":"984eec1d841a0a28f8da453628e64c9665a377a5"}
,"C:\\Users\\unaay\\OneDrive\\Desktop\\Desarrollo de aplicaciones\\proyecto GestionFotos\\foto-api\\servidor\\src\\routes\\photoRoutes.js": {"path":"C:\\Users\\unaay\\OneDrive\\Desktop\\Desarrollo de aplicaciones\\proyecto GestionFotos\\foto-api\\servidor\\src\\routes\\photoRoutes.js","statementMap":{"0":{"start":{"line":1,"column":16},"end":{"line":1,"column":34}},"1":{"start":{"line":2,"column":15},"end":{"line":2,"column":31}},"2":{"start":{"line":3,"column":15},"end":{"line":3,"column":42}},"3":{"start":{"line":4,"column":52},"end":{"line":4,"column":93}},"4":{"start":{"line":7,"column":0},"end":{"line":7,"column":60}},"5":{"start":{"line":8,"column":0},"end":{"line":8,"column":38}},"6":{"start":{"line":9,"column":0},"end":{"line":9,"column":35}},"7":{"start":{"line":11,"column":0},"end":{"line":11,"column":24}}},"fnMap":{},"branchMap":{},"s":{"0":1,"1":1,"2":1,"3":1,"4":1,"5":1,"6":1,"7":1},"f":{},"b":{},"_coverageSchema":"1a1c01bbd47fc00a2c39e90264f33305004495a9","hash":"db42ecddf2f6b4aefa0c1148a188dcafdcab2f1f"}
}
