TN:
SF:src\server.js
FN:15,(anonymous_0)
FN:16,(anonymous_1)
FN:25,(anonymous_2)
FNF:3
FNH:1
FNDA:1,(anonymous_0)
FNDA:0,(anonymous_1)
FNDA:0,(anonymous_2)
DA:1,1
DA:2,1
DA:3,1
DA:4,1
DA:5,1
DA:7,1
DA:8,1
DA:11,1
DA:13,1
DA:15,1
DA:16,0
DA:18,1
DA:19,1
DA:21,1
DA:23,1
DA:24,0
DA:25,0
LF:17
LH:14
BRDA:23,0,0,0
BRDA:23,0,1,1
BRDA:24,1,0,0
BRDA:24,1,1,0
BRF:4
BRH:1
end_of_record
TN:
SF:src\config\multer.js
FN:5,(anonymous_0)
FNF:1
FNH:1
FNDA:1,(anonymous_0)
DA:1,1
DA:3,1
DA:6,1
DA:10,1
DA:12,1
LF:5
LH:5
BRF:0
BRH:0
end_of_record
TN:
SF:src\controllers\photoController.js
FN:3,(anonymous_0)
FN:17,(anonymous_1)
FN:27,(anonymous_2)
FNF:3
FNH:3
FNDA:1,(anonymous_0)
FNDA:2,(anonymous_1)
FNDA:1,(anonymous_2)
DA:1,1
DA:3,1
DA:4,1
DA:5,1
DA:6,1
DA:8,1
DA:9,1
DA:10,1
DA:13,0
DA:17,1
DA:18,2
DA:19,2
DA:20,2
DA:21,2
DA:23,0
DA:27,1
DA:28,1
DA:29,1
DA:30,1
DA:31,1
DA:33,0
LF:21
LH:18
BRF:0
BRH:0
end_of_record
TN:
SF:src\models\Photo.js
FNF:0
FNH:0
DA:1,1
DA:2,1
DA:7,1
LF:3
LH:3
BRF:0
BRH:0
end_of_record
TN:
SF:src\routes\photoRoutes.js
FNF:0
FNH:0
DA:1,1
DA:2,1
DA:3,1
DA:4,1
DA:7,1
DA:8,1
DA:9,1
DA:11,1
LF:8
LH:8
BRF:0
BRH:0
end_of_record
